# JRE version: Java(TM) SE Runtime Environment (8.0_74-b02) (build 1.8.0_74-b02)
# Java VM: Java HotSpot(TM) 64-Bit Server VM (25.74-b02 mixed mode linux-amd64 compressed oops)
Heap:
 PSYoungGen      total 151552K, used 43247K [0x00000000eab00000, 0x00000000f7900000, 0x0000000100000000)
  eden space 133120K, 26% used [0x00000000eab00000,0x00000000ecd3deb0,0x00000000f2d00000)
  from space 18432K, 44% used [0x00000000f5080000,0x00000000f587dff0,0x00000000f6280000)
  to   space 36352K, 0% used [0x00000000f2d00000,0x00000000f2d00000,0x00000000f5080000)
 ParOldGen       total 114688K, used 59919K [0x00000000c0000000, 0x00000000c7000000, 0x00000000eab00000)
  object space 114688K, 52% used [0x00000000c0000000,0x00000000c3a83d58,0x00000000c7000000)
 Metaspace       used 94983K, capacity 95928K, committed 96640K, reserved 1128448K
  class space    used 17384K, capacity 17708K, committed 17792K, reserved 1048576K
GC Heap History (10 events):
Event: 895,684 GC heap before
{Heap before GC invocations=21 (full 4):
 PSYoungGen      total 162304K, used 13783K [0x00000000eab00000, 0x00000000f8000000, 0x0000000100000000)
  eden space 129536K, 0% used [0x00000000eab00000,0x00000000eab00000,0x00000000f2980000)
  from space 32768K, 42% used [0x00000000f2980000,0x00000000f36f5d28,0x00000000f4980000)
  to   space 30720K, 0% used [0x00000000f6200000,0x00000000f6200000,0x00000000f8000000)
 ParOldGen       total 60416K, used 31678K [0x00000000c0000000, 0x00000000c3b00000, 0x00000000eab00000)
  object space 60416K, 52% used [0x00000000c0000000,0x00000000c1eefa48,0x00000000c3b00000)
 Metaspace       used 73463K, capacity 74362K, committed 74880K, reserved 1110016K
  class space    used 13015K, capacity 13329K, committed 13440K, reserved 1048576K
Event: 896,151 GC heap after
Heap after GC invocations=21 (full 4):
 PSYoungGen      total 162304K, used 0K [0x00000000eab00000, 0x00000000f8000000, 0x0000000100000000)
  eden space 129536K, 0% used [0x00000000eab00000,0x00000000eab00000,0x00000000f2980000)
  from space 32768K, 0% used [0x00000000f2980000,0x00000000f2980000,0x00000000f4980000)
  to   space 30720K, 0% used [0x00000000f6200000,0x00000000f6200000,0x00000000f8000000)
 ParOldGen       total 60416K, used 44963K [0x00000000c0000000, 0x00000000c3b00000, 0x00000000eab00000)
  object space 60416K, 74% used [0x00000000c0000000,0x00000000c2be8c68,0x00000000c3b00000)
 Metaspace       used 73449K, capacity 74342K, committed 74880K, reserved 1110016K
  class space    used 13013K, capacity 13325K, committed 13440K, reserved 1048576K
}
Event: 6473,643 GC heap before
{Heap before GC invocations=22 (full 4):
 PSYoungGen      total 162304K, used 129536K [0x00000000eab00000, 0x00000000f8000000, 0x0000000100000000)
  eden space 129536K, 100% used [0x00000000eab00000,0x00000000f2980000,0x00000000f2980000)
  from space 32768K, 0% used [0x00000000f2980000,0x00000000f2980000,0x00000000f4980000)
  to   space 30720K, 0% used [0x00000000f6200000,0x00000000f6200000,0x00000000f8000000)
 ParOldGen       total 60416K, used 44963K [0x00000000c0000000, 0x00000000c3b00000, 0x00000000eab00000)
  object space 60416K, 74% used [0x00000000c0000000,0x00000000c2be8c68,0x00000000c3b00000)
 Metaspace       used 89144K, capacity 90214K, committed 90368K, reserved 1122304K
  class space    used 16528K, capacity 16871K, committed 16896K, reserved 1048576K
Event: 6473,695 GC heap after
Heap after GC invocations=22 (full 4):
 PSYoungGen      total 145408K, used 20496K [0x00000000eab00000, 0x00000000f7680000, 0x0000000100000000)
  eden space 124416K, 0% used [0x00000000eab00000,0x00000000eab00000,0x00000000f2480000)
  from space 20992K, 97% used [0x00000000f6200000,0x00000000f7604378,0x00000000f7680000)
  to   space 31744K, 0% used [0x00000000f3880000,0x00000000f3880000,0x00000000f5780000)
 ParOldGen       total 60416K, used 45065K [0x00000000c0000000, 0x00000000c3b00000, 0x00000000eab00000)
  object space 60416K, 74% used [0x00000000c0000000,0x00000000c2c02638,0x00000000c3b00000)
 Metaspace       used 89144K, capacity 90214K, committed 90368K, reserved 1122304K
  class space    used 16528K, capacity 16871K, committed 16896K, reserved 1048576K
}
Event: 6478,316 GC heap before
{Heap before GC invocations=23 (full 4):
 PSYoungGen      total 145408K, used 143744K [0x00000000eab00000, 0x00000000f7680000, 0x0000000100000000)
  eden space 124416K, 99% used [0x00000000eab00000,0x00000000f235c078,0x00000000f2480000)
  from space 20992K, 97% used [0x00000000f6200000,0x00000000f7604378,0x00000000f7680000)
  to   space 31744K, 0% used [0x00000000f3880000,0x00000000f3880000,0x00000000f5780000)
 ParOldGen       total 60416K, used 45065K [0x00000000c0000000, 0x00000000c3b00000, 0x00000000eab00000)
  object space 60416K, 74% used [0x00000000c0000000,0x00000000c2c02638,0x00000000c3b00000)
 Metaspace       used 95160K, capacity 96224K, committed 96384K, reserved 1128448K
  class space    used 17425K, capacity 17782K, committed 17792K, reserved 1048576K
Event: 6478,347 GC heap after
Heap after GC invocations=23 (full 4):
 PSYoungGen      total 144384K, used 24096K [0x00000000eab00000, 0x00000000f6280000, 0x0000000100000000)
  eden space 119808K, 0% used [0x00000000eab00000,0x00000000eab00000,0x00000000f2000000)
  from space 24576K, 98% used [0x00000000f3880000,0x00000000f50080a8,0x00000000f5080000)
  to   space 18432K, 0% used [0x00000000f5080000,0x00000000f5080000,0x00000000f6280000)
 ParOldGen       total 60416K, used 45081K [0x00000000c0000000, 0x00000000c3b00000, 0x00000000eab00000)
  object space 60416K, 74% used [0x00000000c0000000,0x00000000c2c06638,0x00000000c3b00000)
 Metaspace       used 95160K, capacity 96224K, committed 96384K, reserved 1128448K
  class space    used 17425K, capacity 17782K, committed 17792K, reserved 1048576K
}
Event: 6479,679 GC heap before
{Heap before GC invocations=24 (full 4):
 PSYoungGen      total 144384K, used 143445K [0x00000000eab00000, 0x00000000f6280000, 0x0000000100000000)
  eden space 119808K, 99% used [0x00000000eab00000,0x00000000f1f8d710,0x00000000f2000000)
  from space 24576K, 98% used [0x00000000f3880000,0x00000000f50080a8,0x00000000f5080000)
  to   space 18432K, 0% used [0x00000000f5080000,0x00000000f5080000,0x00000000f6280000)
 ParOldGen       total 60416K, used 45081K [0x00000000c0000000, 0x00000000c3b00000, 0x00000000eab00000)
  object space 60416K, 74% used [0x00000000c0000000,0x00000000c2c06638,0x00000000c3b00000)
 Metaspace       used 95198K, capacity 96288K, committed 96640K, reserved 1128448K
  class space    used 17425K, capacity 17782K, committed 17792K, reserved 1048576K
Event: 6479,706 GC heap after
Heap after GC invocations=24 (full 4):
 PSYoungGen      total 151552K, used 18425K [0x00000000eab00000, 0x00000000f7900000, 0x0000000100000000)
  eden space 133120K, 0% used [0x00000000eab00000,0x00000000eab00000,0x00000000f2d00000)
  from space 18432K, 99% used [0x00000000f5080000,0x00000000f627e598,0x00000000f6280000)
  to   space 36352K, 0% used [0x00000000f2d00000,0x00000000f2d00000,0x00000000f5080000)
 ParOldGen       total 60416K, used 55523K [0x00000000c0000000, 0x00000000c3b00000, 0x00000000eab00000)
  object space 60416K, 91% used [0x00000000c0000000,0x00000000c3638f40,0x00000000c3b00000)
 Metaspace       used 95198K, capacity 96288K, committed 96640K, reserved 1128448K
  class space    used 17425K, capacity 17782K, committed 17792K, reserved 1048576K
}
Event: 6479,706 GC heap before
{Heap before GC invocations=25 (full 5):
 PSYoungGen      total 151552K, used 18425K [0x00000000eab00000, 0x00000000f7900000, 0x0000000100000000)
  eden space 133120K, 0% used [0x00000000eab00000,0x00000000eab00000,0x00000000f2d00000)
  from space 18432K, 99% used [0x00000000f5080000,0x00000000f627e598,0x00000000f6280000)
  to   space 36352K, 0% used [0x00000000f2d00000,0x00000000f2d00000,0x00000000f5080000)
 ParOldGen       total 60416K, used 55523K [0x00000000c0000000, 0x00000000c3b00000, 0x00000000eab00000)
  object space 60416K, 91% used [0x00000000c0000000,0x00000000c3638f40,0x00000000c3b00000)
 Metaspace       used 95198K, capacity 96288K, committed 96640K, reserved 1128448K
  class space    used 17425K, capacity 17782K, committed 17792K, reserved 1048576K
Event: 6480,118 GC heap after
Heap after GC invocations=25 (full 5):
 PSYoungGen      total 151552K, used 8183K [0x00000000eab00000, 0x00000000f7900000, 0x0000000100000000)
  eden space 133120K, 0% used [0x00000000eab00000,0x00000000eab00000,0x00000000f2d00000)
  from space 18432K, 44% used [0x00000000f5080000,0x00000000f587dff0,0x00000000f6280000)
  to   space 36352K, 0% used [0x00000000f2d00000,0x00000000f2d00000,0x00000000f5080000)
 ParOldGen       total 114688K, used 59919K [0x00000000c0000000, 0x00000000c7000000, 0x00000000eab00000)
  object space 114688K, 52% used [0x00000000c0000000,0x00000000c3a83d58,0x00000000c7000000)
 Metaspace       used 94977K, capacity 95928K, committed 96640K, reserved 1128448K
  class space    used 17384K, capacity 17708K, committed 17792K, reserved 1048576K
}

